Networking/NetworkingAndroidHttpClientJSON/app/build/intermediates/manifest_merge_blame_file/debug/manifest-merger-blame-debug-report.txt
1<?xml version="1.0" encoding="utf-8"?>
2<manifest xmlns:android="http://schemas.android.com/apk/res/android"
3    package="course.examples.networking.androidhttpclientjson"
4    android:versionCode="1"
5    android:versionName="1.0" >
6
7    <uses-sdk
8        android:minSdkVersion="23"
8-->src\main\AndroidManifest.xml
9        android:targetSdkVersion="28" />
9-->src\main\AndroidManifest.xml
10
11    <uses-permission android:name="android.permission.INTERNET" >
11-->src\main\AndroidManifest.xml:7:5-8:23
11-->src\main\AndroidManifest.xml:7:22-64
12    </uses-permission>
13
14    <application
14-->src\main\AndroidManifest.xml:10:5-31:19
15        android:allowBackup="false"
15-->src\main\AndroidManifest.xml:11:9-36
16        android:debuggable="true"
17        android:extractNativeLibs="false"
18        android:icon="@drawable/ic_launcher"
18-->src\main\AndroidManifest.xml:13:9-45
19        android:label="@string/app_name"
19-->src\main\AndroidManifest.xml:14:9-41
20        android:testOnly="true"
21        android:usesCleartextTraffic="true" >
21-->src\main\AndroidManifest.xml:12:9-44
22        <activity
22-->src\main\AndroidManifest.xml:15:9-18:20
23            android:name="course.examples.networking.androidhttpclientjson.NetworkingAndroidHttpClientJSONActivity"
23-->src\main\AndroidManifest.xml:16:13-116
24            android:label="@string/app_name" >
24-->src\main\AndroidManifest.xml:17:13-45
25        </activity>
26        <activity
26-->src\main\AndroidManifest.xml:19:9-27:20
27            android:name="course.examples.networking.androidhttpclientjson.MainActivity"
27-->src\main\AndroidManifest.xml:20:13-89
28            android:label="@string/app_name" >
28-->src\main\AndroidManifest.xml:21:13-45
29            <intent-filter>
29-->src\main\AndroidManifest.xml:22:13-26:29
30                <action android:name="android.intent.action.MAIN" />
30-->src\main\AndroidManifest.xml:23:17-69
30-->src\main\AndroidManifest.xml:23:25-66
31
32                <category android:name="android.intent.category.LAUNCHER" />
32-->src\main\AndroidManifest.xml:25:17-77
32-->src\main\AndroidManifest.xml:25:27-74
33            </intent-filter>
34        </activity>
35
36        <uses-library
36-->src\main\AndroidManifest.xml:28:9-30:40
37            android:name="org.apache.http.legacy"
37-->src\main\AndroidManifest.xml:29:13-50
38            android:required="false" />
38-->src\main\AndroidManifest.xml:30:13-37
39    </application>
40
41</manifest>